<?xml version="1.0" encoding="UTF-8"?>
<!-- Generated by org.testng.reporters.JUnitReportReporter -->
<testsuite hostname="Lenovo-PCsai" failures="0" tests="2" name="day1.basic_testng.GoogleApplicationWithBeforeAfterTest" time="14.212" errors="0" timestamp="27 Jun 2023 06:25:02 GMT" skipped="0">
  <testcase classname="day1.basic_testng.GoogleApplicationWithBeforeAfterTest" name="testsearch" time="8.585"/>
  <testcase classname="day1.basic_testng.GoogleApplicationWithBeforeAfterTest" name="testGoogleLanding" time="5.627"/>
</testsuite> <!-- day1.basic_testng.GoogleApplicationWithBeforeAfterTest -->
