<?xml version="1.0" encoding="UTF-8"?>
<!-- Generated by org.testng.reporters.JUnitReportReporter -->
<testsuite hostname="Lenovo-PCsai" failures="0" tests="3" name="day1.basic_testng.Assignment1" time="32.264" errors="0" timestamp="26 Jun 2023 08:35:33 GMT" skipped="0">
  <testcase classname="day1.basic_testng.Assignment1" name="a_loginActitime" time="18.182"/>
  <testcase classname="day1.basic_testng.Assignment1" name="b_verifyTaskcreation" time="11.289"/>
  <testcase classname="day1.basic_testng.Assignment1" name="c_verifyTaskDeletion" time="2.793"/>
</testsuite> <!-- day1.basic_testng.Assignment1 -->
