<?xml version="1.0" encoding="UTF-8"?>
<!-- Generated by org.testng.reporters.JUnitReportReporter -->
<testsuite hostname="Lenovo-PCsai" failures="0" tests="3" name="day1.basic_testng.OrngeHrm" time="36.970" errors="0" timestamp="26 Jun 2023 16:38:24 GMT" skipped="0">
  <testcase classname="day1.basic_testng.OrngeHrm" name="c_deletePIM" time="2.947"/>
  <testcase classname="day1.basic_testng.OrngeHrm" name="b_editPIM" time="7.288"/>
  <testcase classname="day1.basic_testng.OrngeHrm" name="a_cratePIM" time="26.735"/>
</testsuite> <!-- day1.basic_testng.OrngeHrm -->
