<?xml version="1.0" encoding="UTF-8"?>
<!-- Generated by org.testng.reporters.JUnitReportReporter -->
<testsuite hostname="Lenovo-PCsai" failures="0" tests="3" name="day1.basic_testng.Actitime1" time="35.413" errors="0" timestamp="7 Jul 2023 18:23:45 GMT">
  <testcase classname="day1.basic_testng.Actitime1" name="a_loginActitime" time="14.135"/>
  <testcase classname="day1.basic_testng.Actitime1" name="b_verifyTaskcreation" time="17.369"/>
  <testcase classname="day1.basic_testng.Actitime1" name="c_verifyTaskDeletion" time="3.909"/>
</testsuite> <!-- day1.basic_testng.Actitime1 -->
