<?xml version="1.0" encoding="UTF-8"?>
<!-- Generated by org.testng.reporters.JUnitReportReporter -->
<testsuite hostname="Lenovo-PCsai" failures="0" tests="2" name="webpages_script_actitime.TestActitimeFunctionallity" time="7.271" errors="0" timestamp="3 Jul 2023 20:22:35 GMT">
  <testcase classname="webpages_script_actitime.TestActitimeFunctionallity" name="loginActitime" time="5.519"/>
  <testcase classname="webpages_script_actitime.TestActitimeFunctionallity" name="logoutActitime" time="1.752"/>
</testsuite> <!-- webpages_script_actitime.TestActitimeFunctionallity -->
