<?xml version="1.0" encoding="UTF-8"?>
<!-- Generated by org.testng.reporters.JUnitReportReporter -->
<testsuite hostname="Lenovo-PCsai" failures="0" tests="3" name="webpages_script_orangehrm.TestOrangeHrmFunctionality" time="18.009" errors="0" timestamp="7 Jul 2023 05:44:27 GMT">
  <testcase classname="webpages_script_orangehrm.TestOrangeHrmFunctionality" name="pimModitification" time="6.432"/>
  <testcase classname="webpages_script_orangehrm.TestOrangeHrmFunctionality" name="pimCreation" time="8.359"/>
  <testcase classname="webpages_script_orangehrm.TestOrangeHrmFunctionality" name="pimDeletaion" time="3.218"/>
</testsuite> <!-- webpages_script_orangehrm.TestOrangeHrmFunctionality -->
